CRITICAL - 2026-06-30 18:39:35 --> CodeIgniter\HTTP\Exceptions\HTTPException: Failed to parse JSON string. Error: Syntax error
[Method: POST, Route: role/create]
in SYSTEMPATH/HTTP/IncomingRequest.php on line 406.
 1 SYSTEMPATH/HTTP/IncomingRequest.php(406): CodeIgniter\HTTP\Exceptions\HTTPException::forInvalidJSON()
 2 APPPATH/Controllers/RoleController.php(12): CodeIgniter\HTTP\IncomingRequest->getJSON()
 3 SYSTEMPATH/CodeIgniter.php(951): App\Controllers\RoleController->create()
 4 SYSTEMPATH/CodeIgniter.php(497): CodeIgniter\CodeIgniter->runController()
 5 SYSTEMPATH/CodeIgniter.php(340): CodeIgniter\CodeIgniter->handleRequest()
 6 SYSTEMPATH/Boot.php(417): CodeIgniter\CodeIgniter->run()
 7 SYSTEMPATH/Boot.php(68): CodeIgniter\Boot::runCodeIgniter()
 8 FCPATH/index.php(59): CodeIgniter\Boot::bootWeb()
 9 SYSTEMPATH/rewrite.php(44): require_once('/home/huhu/Bureau/revision Rojo/Revision-Mr-Rojo-Code-Ignitier-/public/index.php')
CRITICAL - 2026-06-30 18:39:36 --> CodeIgniter\HTTP\Exceptions\HTTPException: Failed to parse JSON string. Error: Syntax error
[Method: POST, Route: role/create]
in SYSTEMPATH/HTTP/IncomingRequest.php on line 406.
 1 SYSTEMPATH/HTTP/IncomingRequest.php(406): CodeIgniter\HTTP\Exceptions\HTTPException::forInvalidJSON()
 2 APPPATH/Controllers/RoleController.php(12): CodeIgniter\HTTP\IncomingRequest->getJSON()
 3 SYSTEMPATH/CodeIgniter.php(951): App\Controllers\RoleController->create()
 4 SYSTEMPATH/CodeIgniter.php(497): CodeIgniter\CodeIgniter->runController()
 5 SYSTEMPATH/CodeIgniter.php(340): CodeIgniter\CodeIgniter->handleRequest()
 6 SYSTEMPATH/Boot.php(417): CodeIgniter\CodeIgniter->run()
 7 SYSTEMPATH/Boot.php(68): CodeIgniter\Boot::runCodeIgniter()
 8 FCPATH/index.php(59): CodeIgniter\Boot::bootWeb()
 9 SYSTEMPATH/rewrite.php(44): require_once('/home/huhu/Bureau/revision Rojo/Revision-Mr-Rojo-Code-Ignitier-/public/index.php')
CRITICAL - 2026-06-30 18:39:37 --> CodeIgniter\HTTP\Exceptions\HTTPException: Failed to parse JSON string. Error: Syntax error
[Method: POST, Route: role/create]
in SYSTEMPATH/HTTP/IncomingRequest.php on line 406.
 1 SYSTEMPATH/HTTP/IncomingRequest.php(406): CodeIgniter\HTTP\Exceptions\HTTPException::forInvalidJSON()
 2 APPPATH/Controllers/RoleController.php(12): CodeIgniter\HTTP\IncomingRequest->getJSON()
 3 SYSTEMPATH/CodeIgniter.php(951): App\Controllers\RoleController->create()
 4 SYSTEMPATH/CodeIgniter.php(497): CodeIgniter\CodeIgniter->runController()
 5 SYSTEMPATH/CodeIgniter.php(340): CodeIgniter\CodeIgniter->handleRequest()
 6 SYSTEMPATH/Boot.php(417): CodeIgniter\CodeIgniter->run()
 7 SYSTEMPATH/Boot.php(68): CodeIgniter\Boot::runCodeIgniter()
 8 FCPATH/index.php(59): CodeIgniter\Boot::bootWeb()
 9 SYSTEMPATH/rewrite.php(44): require_once('/home/huhu/Bureau/revision Rojo/Revision-Mr-Rojo-Code-Ignitier-/public/index.php')
CRITICAL - 2026-06-30 18:39:37 --> CodeIgniter\HTTP\Exceptions\HTTPException: Failed to parse JSON string. Error: Syntax error
[Method: POST, Route: role/create]
in SYSTEMPATH/HTTP/IncomingRequest.php on line 406.
 1 SYSTEMPATH/HTTP/IncomingRequest.php(406): CodeIgniter\HTTP\Exceptions\HTTPException::forInvalidJSON()
 2 APPPATH/Controllers/RoleController.php(12): CodeIgniter\HTTP\IncomingRequest->getJSON()
 3 SYSTEMPATH/CodeIgniter.php(951): App\Controllers\RoleController->create()
 4 SYSTEMPATH/CodeIgniter.php(497): CodeIgniter\CodeIgniter->runController()
 5 SYSTEMPATH/CodeIgniter.php(340): CodeIgniter\CodeIgniter->handleRequest()
 6 SYSTEMPATH/Boot.php(417): CodeIgniter\CodeIgniter->run()
 7 SYSTEMPATH/Boot.php(68): CodeIgniter\Boot::runCodeIgniter()
 8 FCPATH/index.php(59): CodeIgniter\Boot::bootWeb()
 9 SYSTEMPATH/rewrite.php(44): require_once('/home/huhu/Bureau/revision Rojo/Revision-Mr-Rojo-Code-Ignitier-/public/index.php')
CRITICAL - 2026-06-30 18:39:40 --> CodeIgniter\HTTP\Exceptions\HTTPException: Failed to parse JSON string. Error: Syntax error
[Method: POST, Route: role/create]
in SYSTEMPATH/HTTP/IncomingRequest.php on line 406.
 1 SYSTEMPATH/HTTP/IncomingRequest.php(406): CodeIgniter\HTTP\Exceptions\HTTPException::forInvalidJSON()
 2 APPPATH/Controllers/RoleController.php(12): CodeIgniter\HTTP\IncomingRequest->getJSON()
 3 SYSTEMPATH/CodeIgniter.php(951): App\Controllers\RoleController->create()
 4 SYSTEMPATH/CodeIgniter.php(497): CodeIgniter\CodeIgniter->runController()
 5 SYSTEMPATH/CodeIgniter.php(340): CodeIgniter\CodeIgniter->handleRequest()
 6 SYSTEMPATH/Boot.php(417): CodeIgniter\CodeIgniter->run()
 7 SYSTEMPATH/Boot.php(68): CodeIgniter\Boot::runCodeIgniter()
 8 FCPATH/index.php(59): CodeIgniter\Boot::bootWeb()
 9 SYSTEMPATH/rewrite.php(44): require_once('/home/huhu/Bureau/revision Rojo/Revision-Mr-Rojo-Code-Ignitier-/public/index.php')
CRITICAL - 2026-06-30 18:44:41 --> CodeIgniter\Exceptions\InvalidArgumentException: "Role" is not a valid database connection group.
[Method: POST, Route: role/create]
in SYSTEMPATH/Database/Config.php on line 70.
 1 SYSTEMPATH/Validation/Rules.php(210): CodeIgniter\Database\Config::connect()
 2 SYSTEMPATH/Validation/Rules.php(165): CodeIgniter\Validation\Rules->prepareUniqueQuery()
 3 SYSTEMPATH/Validation/StrictRules/Rules.php(187): CodeIgniter\Validation\Rules->is_unique()
 4 SYSTEMPATH/Validation/Validation.php(345): CodeIgniter\Validation\StrictRules\Rules->is_unique()
 5 SYSTEMPATH/Validation/Validation.php(210): CodeIgniter\Validation\Validation->processRules()
 6 SYSTEMPATH/BaseModel.php(1615): CodeIgniter\Validation\Validation->run()
 7 APPPATH/Controllers/RoleController.php(15): CodeIgniter\BaseModel->validate()
 8 SYSTEMPATH/CodeIgniter.php(951): App\Controllers\RoleController->create()
 9 SYSTEMPATH/CodeIgniter.php(497): CodeIgniter\CodeIgniter->runController()
10 SYSTEMPATH/CodeIgniter.php(340): CodeIgniter\CodeIgniter->handleRequest()
11 SYSTEMPATH/Boot.php(417): CodeIgniter\CodeIgniter->run()
12 SYSTEMPATH/Boot.php(68): CodeIgniter\Boot::runCodeIgniter()
13 FCPATH/index.php(59): CodeIgniter\Boot::bootWeb()
14 SYSTEMPATH/rewrite.php(44): require_once('/home/huhu/Bureau/revision Rojo/Revision-Mr-Rojo-Code-Ignitier-/public/index.php')
CRITICAL - 2026-06-30 18:44:41 --> CodeIgniter\Exceptions\InvalidArgumentException: "Role" is not a valid database connection group.
[Method: POST, Route: role/create]
in SYSTEMPATH/Database/Config.php on line 70.
 1 SYSTEMPATH/Validation/Rules.php(210): CodeIgniter\Database\Config::connect()
 2 SYSTEMPATH/Validation/Rules.php(165): CodeIgniter\Validation\Rules->prepareUniqueQuery()
 3 SYSTEMPATH/Validation/StrictRules/Rules.php(187): CodeIgniter\Validation\Rules->is_unique()
 4 SYSTEMPATH/Validation/Validation.php(345): CodeIgniter\Validation\StrictRules\Rules->is_unique()
 5 SYSTEMPATH/Validation/Validation.php(210): CodeIgniter\Validation\Validation->processRules()
 6 SYSTEMPATH/BaseModel.php(1615): CodeIgniter\Validation\Validation->run()
 7 APPPATH/Controllers/RoleController.php(15): CodeIgniter\BaseModel->validate()
 8 SYSTEMPATH/CodeIgniter.php(951): App\Controllers\RoleController->create()
 9 SYSTEMPATH/CodeIgniter.php(497): CodeIgniter\CodeIgniter->runController()
10 SYSTEMPATH/CodeIgniter.php(340): CodeIgniter\CodeIgniter->handleRequest()
11 SYSTEMPATH/Boot.php(417): CodeIgniter\CodeIgniter->run()
12 SYSTEMPATH/Boot.php(68): CodeIgniter\Boot::runCodeIgniter()
13 FCPATH/index.php(59): CodeIgniter\Boot::bootWeb()
14 SYSTEMPATH/rewrite.php(44): require_once('/home/huhu/Bureau/revision Rojo/Revision-Mr-Rojo-Code-Ignitier-/public/index.php')
CRITICAL - 2026-06-30 18:44:42 --> CodeIgniter\Exceptions\InvalidArgumentException: "Role" is not a valid database connection group.
[Method: POST, Route: role/create]
in SYSTEMPATH/Database/Config.php on line 70.
 1 SYSTEMPATH/Validation/Rules.php(210): CodeIgniter\Database\Config::connect()
 2 SYSTEMPATH/Validation/Rules.php(165): CodeIgniter\Validation\Rules->prepareUniqueQuery()
 3 SYSTEMPATH/Validation/StrictRules/Rules.php(187): CodeIgniter\Validation\Rules->is_unique()
 4 SYSTEMPATH/Validation/Validation.php(345): CodeIgniter\Validation\StrictRules\Rules->is_unique()
 5 SYSTEMPATH/Validation/Validation.php(210): CodeIgniter\Validation\Validation->processRules()
 6 SYSTEMPATH/BaseModel.php(1615): CodeIgniter\Validation\Validation->run()
 7 APPPATH/Controllers/RoleController.php(15): CodeIgniter\BaseModel->validate()
 8 SYSTEMPATH/CodeIgniter.php(951): App\Controllers\RoleController->create()
 9 SYSTEMPATH/CodeIgniter.php(497): CodeIgniter\CodeIgniter->runController()
10 SYSTEMPATH/CodeIgniter.php(340): CodeIgniter\CodeIgniter->handleRequest()
11 SYSTEMPATH/Boot.php(417): CodeIgniter\CodeIgniter->run()
12 SYSTEMPATH/Boot.php(68): CodeIgniter\Boot::runCodeIgniter()
13 FCPATH/index.php(59): CodeIgniter\Boot::bootWeb()
14 SYSTEMPATH/rewrite.php(44): require_once('/home/huhu/Bureau/revision Rojo/Revision-Mr-Rojo-Code-Ignitier-/public/index.php')
CRITICAL - 2026-06-30 18:44:43 --> CodeIgniter\Exceptions\InvalidArgumentException: "Role" is not a valid database connection group.
[Method: POST, Route: role/create]
in SYSTEMPATH/Database/Config.php on line 70.
 1 SYSTEMPATH/Validation/Rules.php(210): CodeIgniter\Database\Config::connect()
 2 SYSTEMPATH/Validation/Rules.php(165): CodeIgniter\Validation\Rules->prepareUniqueQuery()
 3 SYSTEMPATH/Validation/StrictRules/Rules.php(187): CodeIgniter\Validation\Rules->is_unique()
 4 SYSTEMPATH/Validation/Validation.php(345): CodeIgniter\Validation\StrictRules\Rules->is_unique()
 5 SYSTEMPATH/Validation/Validation.php(210): CodeIgniter\Validation\Validation->processRules()
 6 SYSTEMPATH/BaseModel.php(1615): CodeIgniter\Validation\Validation->run()
 7 APPPATH/Controllers/RoleController.php(15): CodeIgniter\BaseModel->validate()
 8 SYSTEMPATH/CodeIgniter.php(951): App\Controllers\RoleController->create()
 9 SYSTEMPATH/CodeIgniter.php(497): CodeIgniter\CodeIgniter->runController()
10 SYSTEMPATH/CodeIgniter.php(340): CodeIgniter\CodeIgniter->handleRequest()
11 SYSTEMPATH/Boot.php(417): CodeIgniter\CodeIgniter->run()
12 SYSTEMPATH/Boot.php(68): CodeIgniter\Boot::runCodeIgniter()
13 FCPATH/index.php(59): CodeIgniter\Boot::bootWeb()
14 SYSTEMPATH/rewrite.php(44): require_once('/home/huhu/Bureau/revision Rojo/Revision-Mr-Rojo-Code-Ignitier-/public/index.php')
CRITICAL - 2026-06-30 18:44:43 --> CodeIgniter\Exceptions\InvalidArgumentException: "Role" is not a valid database connection group.
[Method: POST, Route: role/create]
in SYSTEMPATH/Database/Config.php on line 70.
 1 SYSTEMPATH/Validation/Rules.php(210): CodeIgniter\Database\Config::connect()
 2 SYSTEMPATH/Validation/Rules.php(165): CodeIgniter\Validation\Rules->prepareUniqueQuery()
 3 SYSTEMPATH/Validation/StrictRules/Rules.php(187): CodeIgniter\Validation\Rules->is_unique()
 4 SYSTEMPATH/Validation/Validation.php(345): CodeIgniter\Validation\StrictRules\Rules->is_unique()
 5 SYSTEMPATH/Validation/Validation.php(210): CodeIgniter\Validation\Validation->processRules()
 6 SYSTEMPATH/BaseModel.php(1615): CodeIgniter\Validation\Validation->run()
 7 APPPATH/Controllers/RoleController.php(15): CodeIgniter\BaseModel->validate()
 8 SYSTEMPATH/CodeIgniter.php(951): App\Controllers\RoleController->create()
 9 SYSTEMPATH/CodeIgniter.php(497): CodeIgniter\CodeIgniter->runController()
10 SYSTEMPATH/CodeIgniter.php(340): CodeIgniter\CodeIgniter->handleRequest()
11 SYSTEMPATH/Boot.php(417): CodeIgniter\CodeIgniter->run()
12 SYSTEMPATH/Boot.php(68): CodeIgniter\Boot::runCodeIgniter()
13 FCPATH/index.php(59): CodeIgniter\Boot::bootWeb()
14 SYSTEMPATH/rewrite.php(44): require_once('/home/huhu/Bureau/revision Rojo/Revision-Mr-Rojo-Code-Ignitier-/public/index.php')
CRITICAL - 2026-06-30 18:44:43 --> CodeIgniter\Exceptions\InvalidArgumentException: "Role" is not a valid database connection group.
[Method: POST, Route: role/create]
in SYSTEMPATH/Database/Config.php on line 70.
 1 SYSTEMPATH/Validation/Rules.php(210): CodeIgniter\Database\Config::connect()
 2 SYSTEMPATH/Validation/Rules.php(165): CodeIgniter\Validation\Rules->prepareUniqueQuery()
 3 SYSTEMPATH/Validation/StrictRules/Rules.php(187): CodeIgniter\Validation\Rules->is_unique()
 4 SYSTEMPATH/Validation/Validation.php(345): CodeIgniter\Validation\StrictRules\Rules->is_unique()
 5 SYSTEMPATH/Validation/Validation.php(210): CodeIgniter\Validation\Validation->processRules()
 6 SYSTEMPATH/BaseModel.php(1615): CodeIgniter\Validation\Validation->run()
 7 APPPATH/Controllers/RoleController.php(15): CodeIgniter\BaseModel->validate()
 8 SYSTEMPATH/CodeIgniter.php(951): App\Controllers\RoleController->create()
 9 SYSTEMPATH/CodeIgniter.php(497): CodeIgniter\CodeIgniter->runController()
10 SYSTEMPATH/CodeIgniter.php(340): CodeIgniter\CodeIgniter->handleRequest()
11 SYSTEMPATH/Boot.php(417): CodeIgniter\CodeIgniter->run()
12 SYSTEMPATH/Boot.php(68): CodeIgniter\Boot::runCodeIgniter()
13 FCPATH/index.php(59): CodeIgniter\Boot::bootWeb()
14 SYSTEMPATH/rewrite.php(44): require_once('/home/huhu/Bureau/revision Rojo/Revision-Mr-Rojo-Code-Ignitier-/public/index.php')
CRITICAL - 2026-06-30 18:48:14 --> CodeIgniter\Exceptions\InvalidArgumentException: "Role" is not a valid database connection group.
[Method: POST, Route: role/create]
in SYSTEMPATH/Database/Config.php on line 70.
 1 SYSTEMPATH/Validation/Rules.php(210): CodeIgniter\Database\Config::connect()
 2 SYSTEMPATH/Validation/Rules.php(165): CodeIgniter\Validation\Rules->prepareUniqueQuery()
 3 SYSTEMPATH/Validation/StrictRules/Rules.php(187): CodeIgniter\Validation\Rules->is_unique()
 4 SYSTEMPATH/Validation/Validation.php(345): CodeIgniter\Validation\StrictRules\Rules->is_unique()
 5 SYSTEMPATH/Validation/Validation.php(210): CodeIgniter\Validation\Validation->processRules()
 6 SYSTEMPATH/BaseModel.php(1615): CodeIgniter\Validation\Validation->run()
 7 APPPATH/Controllers/RoleController.php(15): CodeIgniter\BaseModel->validate()
 8 SYSTEMPATH/CodeIgniter.php(951): App\Controllers\RoleController->create()
 9 SYSTEMPATH/CodeIgniter.php(497): CodeIgniter\CodeIgniter->runController()
10 SYSTEMPATH/CodeIgniter.php(340): CodeIgniter\CodeIgniter->handleRequest()
11 SYSTEMPATH/Boot.php(417): CodeIgniter\CodeIgniter->run()
12 SYSTEMPATH/Boot.php(68): CodeIgniter\Boot::runCodeIgniter()
13 FCPATH/index.php(59): CodeIgniter\Boot::bootWeb()
14 SYSTEMPATH/rewrite.php(44): require_once('/home/andrianandrainy/Documents/GitHub/Revision-Mr-Rojo-Code-Ignitier-/public/index.php')
CRITICAL - 2026-06-30 18:48:17 --> CodeIgniter\Exceptions\InvalidArgumentException: "Role" is not a valid database connection group.
[Method: POST, Route: role/create]
in SYSTEMPATH/Database/Config.php on line 70.
 1 SYSTEMPATH/Validation/Rules.php(210): CodeIgniter\Database\Config::connect()
 2 SYSTEMPATH/Validation/Rules.php(165): CodeIgniter\Validation\Rules->prepareUniqueQuery()
 3 SYSTEMPATH/Validation/StrictRules/Rules.php(187): CodeIgniter\Validation\Rules->is_unique()
 4 SYSTEMPATH/Validation/Validation.php(345): CodeIgniter\Validation\StrictRules\Rules->is_unique()
 5 SYSTEMPATH/Validation/Validation.php(210): CodeIgniter\Validation\Validation->processRules()
 6 SYSTEMPATH/BaseModel.php(1615): CodeIgniter\Validation\Validation->run()
 7 APPPATH/Controllers/RoleController.php(15): CodeIgniter\BaseModel->validate()
 8 SYSTEMPATH/CodeIgniter.php(951): App\Controllers\RoleController->create()
 9 SYSTEMPATH/CodeIgniter.php(497): CodeIgniter\CodeIgniter->runController()
10 SYSTEMPATH/CodeIgniter.php(340): CodeIgniter\CodeIgniter->handleRequest()
11 SYSTEMPATH/Boot.php(417): CodeIgniter\CodeIgniter->run()
12 SYSTEMPATH/Boot.php(68): CodeIgniter\Boot::runCodeIgniter()
13 FCPATH/index.php(59): CodeIgniter\Boot::bootWeb()
14 SYSTEMPATH/rewrite.php(44): require_once('/home/andrianandrainy/Documents/GitHub/Revision-Mr-Rojo-Code-Ignitier-/public/index.php')
CRITICAL - 2026-06-30 18:48:17 --> CodeIgniter\Exceptions\InvalidArgumentException: "Role" is not a valid database connection group.
[Method: POST, Route: role/create]
in SYSTEMPATH/Database/Config.php on line 70.
 1 SYSTEMPATH/Validation/Rules.php(210): CodeIgniter\Database\Config::connect()
 2 SYSTEMPATH/Validation/Rules.php(165): CodeIgniter\Validation\Rules->prepareUniqueQuery()
 3 SYSTEMPATH/Validation/StrictRules/Rules.php(187): CodeIgniter\Validation\Rules->is_unique()
 4 SYSTEMPATH/Validation/Validation.php(345): CodeIgniter\Validation\StrictRules\Rules->is_unique()
 5 SYSTEMPATH/Validation/Validation.php(210): CodeIgniter\Validation\Validation->processRules()
 6 SYSTEMPATH/BaseModel.php(1615): CodeIgniter\Validation\Validation->run()
 7 APPPATH/Controllers/RoleController.php(15): CodeIgniter\BaseModel->validate()
 8 SYSTEMPATH/CodeIgniter.php(951): App\Controllers\RoleController->create()
 9 SYSTEMPATH/CodeIgniter.php(497): CodeIgniter\CodeIgniter->runController()
10 SYSTEMPATH/CodeIgniter.php(340): CodeIgniter\CodeIgniter->handleRequest()
11 SYSTEMPATH/Boot.php(417): CodeIgniter\CodeIgniter->run()
12 SYSTEMPATH/Boot.php(68): CodeIgniter\Boot::runCodeIgniter()
13 FCPATH/index.php(59): CodeIgniter\Boot::bootWeb()
14 SYSTEMPATH/rewrite.php(44): require_once('/home/andrianandrainy/Documents/GitHub/Revision-Mr-Rojo-Code-Ignitier-/public/index.php')
CRITICAL - 2026-06-30 18:48:17 --> CodeIgniter\Exceptions\InvalidArgumentException: "Role" is not a valid database connection group.
[Method: POST, Route: role/create]
in SYSTEMPATH/Database/Config.php on line 70.
 1 SYSTEMPATH/Validation/Rules.php(210): CodeIgniter\Database\Config::connect()
 2 SYSTEMPATH/Validation/Rules.php(165): CodeIgniter\Validation\Rules->prepareUniqueQuery()
 3 SYSTEMPATH/Validation/StrictRules/Rules.php(187): CodeIgniter\Validation\Rules->is_unique()
 4 SYSTEMPATH/Validation/Validation.php(345): CodeIgniter\Validation\StrictRules\Rules->is_unique()
 5 SYSTEMPATH/Validation/Validation.php(210): CodeIgniter\Validation\Validation->processRules()
 6 SYSTEMPATH/BaseModel.php(1615): CodeIgniter\Validation\Validation->run()
 7 APPPATH/Controllers/RoleController.php(15): CodeIgniter\BaseModel->validate()
 8 SYSTEMPATH/CodeIgniter.php(951): App\Controllers\RoleController->create()
 9 SYSTEMPATH/CodeIgniter.php(497): CodeIgniter\CodeIgniter->runController()
10 SYSTEMPATH/CodeIgniter.php(340): CodeIgniter\CodeIgniter->handleRequest()
11 SYSTEMPATH/Boot.php(417): CodeIgniter\CodeIgniter->run()
12 SYSTEMPATH/Boot.php(68): CodeIgniter\Boot::runCodeIgniter()
13 FCPATH/index.php(59): CodeIgniter\Boot::bootWeb()
14 SYSTEMPATH/rewrite.php(44): require_once('/home/andrianandrainy/Documents/GitHub/Revision-Mr-Rojo-Code-Ignitier-/public/index.php')
CRITICAL - 2026-06-30 18:48:18 --> CodeIgniter\Exceptions\InvalidArgumentException: "Role" is not a valid database connection group.
[Method: POST, Route: role/create]
in SYSTEMPATH/Database/Config.php on line 70.
 1 SYSTEMPATH/Validation/Rules.php(210): CodeIgniter\Database\Config::connect()
 2 SYSTEMPATH/Validation/Rules.php(165): CodeIgniter\Validation\Rules->prepareUniqueQuery()
 3 SYSTEMPATH/Validation/StrictRules/Rules.php(187): CodeIgniter\Validation\Rules->is_unique()
 4 SYSTEMPATH/Validation/Validation.php(345): CodeIgniter\Validation\StrictRules\Rules->is_unique()
 5 SYSTEMPATH/Validation/Validation.php(210): CodeIgniter\Validation\Validation->processRules()
 6 SYSTEMPATH/BaseModel.php(1615): CodeIgniter\Validation\Validation->run()
 7 APPPATH/Controllers/RoleController.php(15): CodeIgniter\BaseModel->validate()
 8 SYSTEMPATH/CodeIgniter.php(951): App\Controllers\RoleController->create()
 9 SYSTEMPATH/CodeIgniter.php(497): CodeIgniter\CodeIgniter->runController()
10 SYSTEMPATH/CodeIgniter.php(340): CodeIgniter\CodeIgniter->handleRequest()
11 SYSTEMPATH/Boot.php(417): CodeIgniter\CodeIgniter->run()
12 SYSTEMPATH/Boot.php(68): CodeIgniter\Boot::runCodeIgniter()
13 FCPATH/index.php(59): CodeIgniter\Boot::bootWeb()
14 SYSTEMPATH/rewrite.php(44): require_once('/home/andrianandrainy/Documents/GitHub/Revision-Mr-Rojo-Code-Ignitier-/public/index.php')
CRITICAL - 2026-06-30 18:48:18 --> CodeIgniter\Exceptions\InvalidArgumentException: "Role" is not a valid database connection group.
[Method: POST, Route: role/create]
in SYSTEMPATH/Database/Config.php on line 70.
 1 SYSTEMPATH/Validation/Rules.php(210): CodeIgniter\Database\Config::connect()
 2 SYSTEMPATH/Validation/Rules.php(165): CodeIgniter\Validation\Rules->prepareUniqueQuery()
 3 SYSTEMPATH/Validation/StrictRules/Rules.php(187): CodeIgniter\Validation\Rules->is_unique()
 4 SYSTEMPATH/Validation/Validation.php(345): CodeIgniter\Validation\StrictRules\Rules->is_unique()
 5 SYSTEMPATH/Validation/Validation.php(210): CodeIgniter\Validation\Validation->processRules()
 6 SYSTEMPATH/BaseModel.php(1615): CodeIgniter\Validation\Validation->run()
 7 APPPATH/Controllers/RoleController.php(15): CodeIgniter\BaseModel->validate()
 8 SYSTEMPATH/CodeIgniter.php(951): App\Controllers\RoleController->create()
 9 SYSTEMPATH/CodeIgniter.php(497): CodeIgniter\CodeIgniter->runController()
10 SYSTEMPATH/CodeIgniter.php(340): CodeIgniter\CodeIgniter->handleRequest()
11 SYSTEMPATH/Boot.php(417): CodeIgniter\CodeIgniter->run()
12 SYSTEMPATH/Boot.php(68): CodeIgniter\Boot::runCodeIgniter()
13 FCPATH/index.php(59): CodeIgniter\Boot::bootWeb()
14 SYSTEMPATH/rewrite.php(44): require_once('/home/andrianandrainy/Documents/GitHub/Revision-Mr-Rojo-Code-Ignitier-/public/index.php')
CRITICAL - 2026-06-30 18:48:19 --> CodeIgniter\Exceptions\InvalidArgumentException: "Role" is not a valid database connection group.
[Method: POST, Route: role/create]
in SYSTEMPATH/Database/Config.php on line 70.
 1 SYSTEMPATH/Validation/Rules.php(210): CodeIgniter\Database\Config::connect()
 2 SYSTEMPATH/Validation/Rules.php(165): CodeIgniter\Validation\Rules->prepareUniqueQuery()
 3 SYSTEMPATH/Validation/StrictRules/Rules.php(187): CodeIgniter\Validation\Rules->is_unique()
 4 SYSTEMPATH/Validation/Validation.php(345): CodeIgniter\Validation\StrictRules\Rules->is_unique()
 5 SYSTEMPATH/Validation/Validation.php(210): CodeIgniter\Validation\Validation->processRules()
 6 SYSTEMPATH/BaseModel.php(1615): CodeIgniter\Validation\Validation->run()
 7 APPPATH/Controllers/RoleController.php(15): CodeIgniter\BaseModel->validate()
 8 SYSTEMPATH/CodeIgniter.php(951): App\Controllers\RoleController->create()
 9 SYSTEMPATH/CodeIgniter.php(497): CodeIgniter\CodeIgniter->runController()
10 SYSTEMPATH/CodeIgniter.php(340): CodeIgniter\CodeIgniter->handleRequest()
11 SYSTEMPATH/Boot.php(417): CodeIgniter\CodeIgniter->run()
12 SYSTEMPATH/Boot.php(68): CodeIgniter\Boot::runCodeIgniter()
13 FCPATH/index.php(59): CodeIgniter\Boot::bootWeb()
14 SYSTEMPATH/rewrite.php(44): require_once('/home/andrianandrainy/Documents/GitHub/Revision-Mr-Rojo-Code-Ignitier-/public/index.php')
CRITICAL - 2026-06-30 18:48:19 --> CodeIgniter\Exceptions\InvalidArgumentException: "Role" is not a valid database connection group.
[Method: POST, Route: role/create]
in SYSTEMPATH/Database/Config.php on line 70.
 1 SYSTEMPATH/Validation/Rules.php(210): CodeIgniter\Database\Config::connect()
 2 SYSTEMPATH/Validation/Rules.php(165): CodeIgniter\Validation\Rules->prepareUniqueQuery()
 3 SYSTEMPATH/Validation/StrictRules/Rules.php(187): CodeIgniter\Validation\Rules->is_unique()
 4 SYSTEMPATH/Validation/Validation.php(345): CodeIgniter\Validation\StrictRules\Rules->is_unique()
 5 SYSTEMPATH/Validation/Validation.php(210): CodeIgniter\Validation\Validation->processRules()
 6 SYSTEMPATH/BaseModel.php(1615): CodeIgniter\Validation\Validation->run()
 7 APPPATH/Controllers/RoleController.php(15): CodeIgniter\BaseModel->validate()
 8 SYSTEMPATH/CodeIgniter.php(951): App\Controllers\RoleController->create()
 9 SYSTEMPATH/CodeIgniter.php(497): CodeIgniter\CodeIgniter->runController()
10 SYSTEMPATH/CodeIgniter.php(340): CodeIgniter\CodeIgniter->handleRequest()
11 SYSTEMPATH/Boot.php(417): CodeIgniter\CodeIgniter->run()
12 SYSTEMPATH/Boot.php(68): CodeIgniter\Boot::runCodeIgniter()
13 FCPATH/index.php(59): CodeIgniter\Boot::bootWeb()
14 SYSTEMPATH/rewrite.php(44): require_once('/home/andrianandrainy/Documents/GitHub/Revision-Mr-Rojo-Code-Ignitier-/public/index.php')
CRITICAL - 2026-06-30 18:48:20 --> CodeIgniter\Exceptions\InvalidArgumentException: "Role" is not a valid database connection group.
[Method: POST, Route: role/create]
in SYSTEMPATH/Database/Config.php on line 70.
 1 SYSTEMPATH/Validation/Rules.php(210): CodeIgniter\Database\Config::connect()
 2 SYSTEMPATH/Validation/Rules.php(165): CodeIgniter\Validation\Rules->prepareUniqueQuery()
 3 SYSTEMPATH/Validation/StrictRules/Rules.php(187): CodeIgniter\Validation\Rules->is_unique()
 4 SYSTEMPATH/Validation/Validation.php(345): CodeIgniter\Validation\StrictRules\Rules->is_unique()
 5 SYSTEMPATH/Validation/Validation.php(210): CodeIgniter\Validation\Validation->processRules()
 6 SYSTEMPATH/BaseModel.php(1615): CodeIgniter\Validation\Validation->run()
 7 APPPATH/Controllers/RoleController.php(15): CodeIgniter\BaseModel->validate()
 8 SYSTEMPATH/CodeIgniter.php(951): App\Controllers\RoleController->create()
 9 SYSTEMPATH/CodeIgniter.php(497): CodeIgniter\CodeIgniter->runController()
10 SYSTEMPATH/CodeIgniter.php(340): CodeIgniter\CodeIgniter->handleRequest()
11 SYSTEMPATH/Boot.php(417): CodeIgniter\CodeIgniter->run()
12 SYSTEMPATH/Boot.php(68): CodeIgniter\Boot::runCodeIgniter()
13 FCPATH/index.php(59): CodeIgniter\Boot::bootWeb()
14 SYSTEMPATH/rewrite.php(44): require_once('/home/andrianandrainy/Documents/GitHub/Revision-Mr-Rojo-Code-Ignitier-/public/index.php')
CRITICAL - 2026-06-30 18:48:37 --> CodeIgniter\Exceptions\InvalidArgumentException: "Role" is not a valid database connection group.
[Method: POST, Route: role/create]
in SYSTEMPATH/Database/Config.php on line 70.
 1 SYSTEMPATH/Validation/Rules.php(210): CodeIgniter\Database\Config::connect()
 2 SYSTEMPATH/Validation/Rules.php(165): CodeIgniter\Validation\Rules->prepareUniqueQuery()
 3 SYSTEMPATH/Validation/StrictRules/Rules.php(187): CodeIgniter\Validation\Rules->is_unique()
 4 SYSTEMPATH/Validation/Validation.php(345): CodeIgniter\Validation\StrictRules\Rules->is_unique()
 5 SYSTEMPATH/Validation/Validation.php(210): CodeIgniter\Validation\Validation->processRules()
 6 SYSTEMPATH/BaseModel.php(1615): CodeIgniter\Validation\Validation->run()
 7 APPPATH/Controllers/RoleController.php(15): CodeIgniter\BaseModel->validate()
 8 SYSTEMPATH/CodeIgniter.php(951): App\Controllers\RoleController->create()
 9 SYSTEMPATH/CodeIgniter.php(497): CodeIgniter\CodeIgniter->runController()
10 SYSTEMPATH/CodeIgniter.php(340): CodeIgniter\CodeIgniter->handleRequest()
11 SYSTEMPATH/Boot.php(417): CodeIgniter\CodeIgniter->run()
12 SYSTEMPATH/Boot.php(68): CodeIgniter\Boot::runCodeIgniter()
13 FCPATH/index.php(59): CodeIgniter\Boot::bootWeb()
14 SYSTEMPATH/rewrite.php(44): require_once('/home/andrianandrainy/Documents/GitHub/Revision-Mr-Rojo-Code-Ignitier-/public/index.php')
CRITICAL - 2026-06-30 18:48:37 --> CodeIgniter\Exceptions\InvalidArgumentException: "Role" is not a valid database connection group.
[Method: POST, Route: role/create]
in SYSTEMPATH/Database/Config.php on line 70.
 1 SYSTEMPATH/Validation/Rules.php(210): CodeIgniter\Database\Config::connect()
 2 SYSTEMPATH/Validation/Rules.php(165): CodeIgniter\Validation\Rules->prepareUniqueQuery()
 3 SYSTEMPATH/Validation/StrictRules/Rules.php(187): CodeIgniter\Validation\Rules->is_unique()
 4 SYSTEMPATH/Validation/Validation.php(345): CodeIgniter\Validation\StrictRules\Rules->is_unique()
 5 SYSTEMPATH/Validation/Validation.php(210): CodeIgniter\Validation\Validation->processRules()
 6 SYSTEMPATH/BaseModel.php(1615): CodeIgniter\Validation\Validation->run()
 7 APPPATH/Controllers/RoleController.php(15): CodeIgniter\BaseModel->validate()
 8 SYSTEMPATH/CodeIgniter.php(951): App\Controllers\RoleController->create()
 9 SYSTEMPATH/CodeIgniter.php(497): CodeIgniter\CodeIgniter->runController()
10 SYSTEMPATH/CodeIgniter.php(340): CodeIgniter\CodeIgniter->handleRequest()
11 SYSTEMPATH/Boot.php(417): CodeIgniter\CodeIgniter->run()
12 SYSTEMPATH/Boot.php(68): CodeIgniter\Boot::runCodeIgniter()
13 FCPATH/index.php(59): CodeIgniter\Boot::bootWeb()
14 SYSTEMPATH/rewrite.php(44): require_once('/home/andrianandrainy/Documents/GitHub/Revision-Mr-Rojo-Code-Ignitier-/public/index.php')
CRITICAL - 2026-06-30 18:48:44 --> CodeIgniter\Exceptions\InvalidArgumentException: "Role" is not a valid database connection group.
[Method: POST, Route: role/create]
in SYSTEMPATH/Database/Config.php on line 70.
 1 SYSTEMPATH/Validation/Rules.php(210): CodeIgniter\Database\Config::connect()
 2 SYSTEMPATH/Validation/Rules.php(165): CodeIgniter\Validation\Rules->prepareUniqueQuery()
 3 SYSTEMPATH/Validation/StrictRules/Rules.php(187): CodeIgniter\Validation\Rules->is_unique()
 4 SYSTEMPATH/Validation/Validation.php(345): CodeIgniter\Validation\StrictRules\Rules->is_unique()
 5 SYSTEMPATH/Validation/Validation.php(210): CodeIgniter\Validation\Validation->processRules()
 6 SYSTEMPATH/BaseModel.php(1615): CodeIgniter\Validation\Validation->run()
 7 APPPATH/Controllers/RoleController.php(15): CodeIgniter\BaseModel->validate()
 8 SYSTEMPATH/CodeIgniter.php(951): App\Controllers\RoleController->create()
 9 SYSTEMPATH/CodeIgniter.php(497): CodeIgniter\CodeIgniter->runController()
10 SYSTEMPATH/CodeIgniter.php(340): CodeIgniter\CodeIgniter->handleRequest()
11 SYSTEMPATH/Boot.php(417): CodeIgniter\CodeIgniter->run()
12 SYSTEMPATH/Boot.php(68): CodeIgniter\Boot::runCodeIgniter()
13 FCPATH/index.php(59): CodeIgniter\Boot::bootWeb()
14 SYSTEMPATH/rewrite.php(44): require_once('/home/andrianandrainy/Documents/GitHub/Revision-Mr-Rojo-Code-Ignitier-/public/index.php')
CRITICAL - 2026-06-30 18:50:21 --> CodeIgniter\Exceptions\InvalidArgumentException: "Role" is not a valid database connection group.
[Method: POST, Route: role/create]
in SYSTEMPATH/Database/Config.php on line 70.
 1 SYSTEMPATH/Validation/Rules.php(210): CodeIgniter\Database\Config::connect()
 2 SYSTEMPATH/Validation/Rules.php(165): CodeIgniter\Validation\Rules->prepareUniqueQuery()
 3 SYSTEMPATH/Validation/StrictRules/Rules.php(187): CodeIgniter\Validation\Rules->is_unique()
 4 SYSTEMPATH/Validation/Validation.php(345): CodeIgniter\Validation\StrictRules\Rules->is_unique()
 5 SYSTEMPATH/Validation/Validation.php(210): CodeIgniter\Validation\Validation->processRules()
 6 SYSTEMPATH/BaseModel.php(1615): CodeIgniter\Validation\Validation->run()
 7 APPPATH/Controllers/RoleController.php(15): CodeIgniter\BaseModel->validate()
 8 SYSTEMPATH/CodeIgniter.php(951): App\Controllers\RoleController->create()
 9 SYSTEMPATH/CodeIgniter.php(497): CodeIgniter\CodeIgniter->runController()
10 SYSTEMPATH/CodeIgniter.php(340): CodeIgniter\CodeIgniter->handleRequest()
11 SYSTEMPATH/Boot.php(417): CodeIgniter\CodeIgniter->run()
12 SYSTEMPATH/Boot.php(68): CodeIgniter\Boot::runCodeIgniter()
13 FCPATH/index.php(59): CodeIgniter\Boot::bootWeb()
14 SYSTEMPATH/rewrite.php(44): require_once('/home/andrianandrainy/Documents/GitHub/Revision-Mr-Rojo-Code-Ignitier-/public/index.php')
CRITICAL - 2026-06-30 18:50:21 --> CodeIgniter\Exceptions\InvalidArgumentException: "Role" is not a valid database connection group.
[Method: POST, Route: role/create]
in SYSTEMPATH/Database/Config.php on line 70.
 1 SYSTEMPATH/Validation/Rules.php(210): CodeIgniter\Database\Config::connect()
 2 SYSTEMPATH/Validation/Rules.php(165): CodeIgniter\Validation\Rules->prepareUniqueQuery()
 3 SYSTEMPATH/Validation/StrictRules/Rules.php(187): CodeIgniter\Validation\Rules->is_unique()
 4 SYSTEMPATH/Validation/Validation.php(345): CodeIgniter\Validation\StrictRules\Rules->is_unique()
 5 SYSTEMPATH/Validation/Validation.php(210): CodeIgniter\Validation\Validation->processRules()
 6 SYSTEMPATH/BaseModel.php(1615): CodeIgniter\Validation\Validation->run()
 7 APPPATH/Controllers/RoleController.php(15): CodeIgniter\BaseModel->validate()
 8 SYSTEMPATH/CodeIgniter.php(951): App\Controllers\RoleController->create()
 9 SYSTEMPATH/CodeIgniter.php(497): CodeIgniter\CodeIgniter->runController()
10 SYSTEMPATH/CodeIgniter.php(340): CodeIgniter\CodeIgniter->handleRequest()
11 SYSTEMPATH/Boot.php(417): CodeIgniter\CodeIgniter->run()
12 SYSTEMPATH/Boot.php(68): CodeIgniter\Boot::runCodeIgniter()
13 FCPATH/index.php(59): CodeIgniter\Boot::bootWeb()
14 SYSTEMPATH/rewrite.php(44): require_once('/home/andrianandrainy/Documents/GitHub/Revision-Mr-Rojo-Code-Ignitier-/public/index.php')
CRITICAL - 2026-06-30 18:50:21 --> CodeIgniter\Exceptions\InvalidArgumentException: "Role" is not a valid database connection group.
[Method: POST, Route: role/create]
in SYSTEMPATH/Database/Config.php on line 70.
 1 SYSTEMPATH/Validation/Rules.php(210): CodeIgniter\Database\Config::connect()
 2 SYSTEMPATH/Validation/Rules.php(165): CodeIgniter\Validation\Rules->prepareUniqueQuery()
 3 SYSTEMPATH/Validation/StrictRules/Rules.php(187): CodeIgniter\Validation\Rules->is_unique()
 4 SYSTEMPATH/Validation/Validation.php(345): CodeIgniter\Validation\StrictRules\Rules->is_unique()
 5 SYSTEMPATH/Validation/Validation.php(210): CodeIgniter\Validation\Validation->processRules()
 6 SYSTEMPATH/BaseModel.php(1615): CodeIgniter\Validation\Validation->run()
 7 APPPATH/Controllers/RoleController.php(15): CodeIgniter\BaseModel->validate()
 8 SYSTEMPATH/CodeIgniter.php(951): App\Controllers\RoleController->create()
 9 SYSTEMPATH/CodeIgniter.php(497): CodeIgniter\CodeIgniter->runController()
10 SYSTEMPATH/CodeIgniter.php(340): CodeIgniter\CodeIgniter->handleRequest()
11 SYSTEMPATH/Boot.php(417): CodeIgniter\CodeIgniter->run()
12 SYSTEMPATH/Boot.php(68): CodeIgniter\Boot::runCodeIgniter()
13 FCPATH/index.php(59): CodeIgniter\Boot::bootWeb()
14 SYSTEMPATH/rewrite.php(44): require_once('/home/andrianandrainy/Documents/GitHub/Revision-Mr-Rojo-Code-Ignitier-/public/index.php')
CRITICAL - 2026-06-30 18:50:22 --> CodeIgniter\Exceptions\InvalidArgumentException: "Role" is not a valid database connection group.
[Method: POST, Route: role/create]
in SYSTEMPATH/Database/Config.php on line 70.
 1 SYSTEMPATH/Validation/Rules.php(210): CodeIgniter\Database\Config::connect()
 2 SYSTEMPATH/Validation/Rules.php(165): CodeIgniter\Validation\Rules->prepareUniqueQuery()
 3 SYSTEMPATH/Validation/StrictRules/Rules.php(187): CodeIgniter\Validation\Rules->is_unique()
 4 SYSTEMPATH/Validation/Validation.php(345): CodeIgniter\Validation\StrictRules\Rules->is_unique()
 5 SYSTEMPATH/Validation/Validation.php(210): CodeIgniter\Validation\Validation->processRules()
 6 SYSTEMPATH/BaseModel.php(1615): CodeIgniter\Validation\Validation->run()
 7 APPPATH/Controllers/RoleController.php(15): CodeIgniter\BaseModel->validate()
 8 SYSTEMPATH/CodeIgniter.php(951): App\Controllers\RoleController->create()
 9 SYSTEMPATH/CodeIgniter.php(497): CodeIgniter\CodeIgniter->runController()
10 SYSTEMPATH/CodeIgniter.php(340): CodeIgniter\CodeIgniter->handleRequest()
11 SYSTEMPATH/Boot.php(417): CodeIgniter\CodeIgniter->run()
12 SYSTEMPATH/Boot.php(68): CodeIgniter\Boot::runCodeIgniter()
13 FCPATH/index.php(59): CodeIgniter\Boot::bootWeb()
14 SYSTEMPATH/rewrite.php(44): require_once('/home/andrianandrainy/Documents/GitHub/Revision-Mr-Rojo-Code-Ignitier-/public/index.php')
CRITICAL - 2026-06-30 18:50:22 --> CodeIgniter\Exceptions\InvalidArgumentException: "Role" is not a valid database connection group.
[Method: POST, Route: role/create]
in SYSTEMPATH/Database/Config.php on line 70.
 1 SYSTEMPATH/Validation/Rules.php(210): CodeIgniter\Database\Config::connect()
 2 SYSTEMPATH/Validation/Rules.php(165): CodeIgniter\Validation\Rules->prepareUniqueQuery()
 3 SYSTEMPATH/Validation/StrictRules/Rules.php(187): CodeIgniter\Validation\Rules->is_unique()
 4 SYSTEMPATH/Validation/Validation.php(345): CodeIgniter\Validation\StrictRules\Rules->is_unique()
 5 SYSTEMPATH/Validation/Validation.php(210): CodeIgniter\Validation\Validation->processRules()
 6 SYSTEMPATH/BaseModel.php(1615): CodeIgniter\Validation\Validation->run()
 7 APPPATH/Controllers/RoleController.php(15): CodeIgniter\BaseModel->validate()
 8 SYSTEMPATH/CodeIgniter.php(951): App\Controllers\RoleController->create()
 9 SYSTEMPATH/CodeIgniter.php(497): CodeIgniter\CodeIgniter->runController()
10 SYSTEMPATH/CodeIgniter.php(340): CodeIgniter\CodeIgniter->handleRequest()
11 SYSTEMPATH/Boot.php(417): CodeIgniter\CodeIgniter->run()
12 SYSTEMPATH/Boot.php(68): CodeIgniter\Boot::runCodeIgniter()
13 FCPATH/index.php(59): CodeIgniter\Boot::bootWeb()
14 SYSTEMPATH/rewrite.php(44): require_once('/home/andrianandrainy/Documents/GitHub/Revision-Mr-Rojo-Code-Ignitier-/public/index.php')
CRITICAL - 2026-06-30 18:50:22 --> CodeIgniter\Exceptions\InvalidArgumentException: "Role" is not a valid database connection group.
[Method: POST, Route: role/create]
in SYSTEMPATH/Database/Config.php on line 70.
 1 SYSTEMPATH/Validation/Rules.php(210): CodeIgniter\Database\Config::connect()
 2 SYSTEMPATH/Validation/Rules.php(165): CodeIgniter\Validation\Rules->prepareUniqueQuery()
 3 SYSTEMPATH/Validation/StrictRules/Rules.php(187): CodeIgniter\Validation\Rules->is_unique()
 4 SYSTEMPATH/Validation/Validation.php(345): CodeIgniter\Validation\StrictRules\Rules->is_unique()
 5 SYSTEMPATH/Validation/Validation.php(210): CodeIgniter\Validation\Validation->processRules()
 6 SYSTEMPATH/BaseModel.php(1615): CodeIgniter\Validation\Validation->run()
 7 APPPATH/Controllers/RoleController.php(15): CodeIgniter\BaseModel->validate()
 8 SYSTEMPATH/CodeIgniter.php(951): App\Controllers\RoleController->create()
 9 SYSTEMPATH/CodeIgniter.php(497): CodeIgniter\CodeIgniter->runController()
10 SYSTEMPATH/CodeIgniter.php(340): CodeIgniter\CodeIgniter->handleRequest()
11 SYSTEMPATH/Boot.php(417): CodeIgniter\CodeIgniter->run()
12 SYSTEMPATH/Boot.php(68): CodeIgniter\Boot::runCodeIgniter()
13 FCPATH/index.php(59): CodeIgniter\Boot::bootWeb()
14 SYSTEMPATH/rewrite.php(44): require_once('/home/andrianandrainy/Documents/GitHub/Revision-Mr-Rojo-Code-Ignitier-/public/index.php')
CRITICAL - 2026-06-30 18:50:23 --> CodeIgniter\Exceptions\InvalidArgumentException: "Role" is not a valid database connection group.
[Method: POST, Route: role/create]
in SYSTEMPATH/Database/Config.php on line 70.
 1 SYSTEMPATH/Validation/Rules.php(210): CodeIgniter\Database\Config::connect()
 2 SYSTEMPATH/Validation/Rules.php(165): CodeIgniter\Validation\Rules->prepareUniqueQuery()
 3 SYSTEMPATH/Validation/StrictRules/Rules.php(187): CodeIgniter\Validation\Rules->is_unique()
 4 SYSTEMPATH/Validation/Validation.php(345): CodeIgniter\Validation\StrictRules\Rules->is_unique()
 5 SYSTEMPATH/Validation/Validation.php(210): CodeIgniter\Validation\Validation->processRules()
 6 SYSTEMPATH/BaseModel.php(1615): CodeIgniter\Validation\Validation->run()
 7 APPPATH/Controllers/RoleController.php(15): CodeIgniter\BaseModel->validate()
 8 SYSTEMPATH/CodeIgniter.php(951): App\Controllers\RoleController->create()
 9 SYSTEMPATH/CodeIgniter.php(497): CodeIgniter\CodeIgniter->runController()
10 SYSTEMPATH/CodeIgniter.php(340): CodeIgniter\CodeIgniter->handleRequest()
11 SYSTEMPATH/Boot.php(417): CodeIgniter\CodeIgniter->run()
12 SYSTEMPATH/Boot.php(68): CodeIgniter\Boot::runCodeIgniter()
13 FCPATH/index.php(59): CodeIgniter\Boot::bootWeb()
14 SYSTEMPATH/rewrite.php(44): require_once('/home/andrianandrainy/Documents/GitHub/Revision-Mr-Rojo-Code-Ignitier-/public/index.php')
CRITICAL - 2026-06-30 18:50:26 --> CodeIgniter\Exceptions\InvalidArgumentException: "Role" is not a valid database connection group.
[Method: POST, Route: role/create]
in SYSTEMPATH/Database/Config.php on line 70.
 1 SYSTEMPATH/Validation/Rules.php(210): CodeIgniter\Database\Config::connect()
 2 SYSTEMPATH/Validation/Rules.php(165): CodeIgniter\Validation\Rules->prepareUniqueQuery()
 3 SYSTEMPATH/Validation/StrictRules/Rules.php(187): CodeIgniter\Validation\Rules->is_unique()
 4 SYSTEMPATH/Validation/Validation.php(345): CodeIgniter\Validation\StrictRules\Rules->is_unique()
 5 SYSTEMPATH/Validation/Validation.php(210): CodeIgniter\Validation\Validation->processRules()
 6 SYSTEMPATH/BaseModel.php(1615): CodeIgniter\Validation\Validation->run()
 7 APPPATH/Controllers/RoleController.php(15): CodeIgniter\BaseModel->validate()
 8 SYSTEMPATH/CodeIgniter.php(951): App\Controllers\RoleController->create()
 9 SYSTEMPATH/CodeIgniter.php(497): CodeIgniter\CodeIgniter->runController()
10 SYSTEMPATH/CodeIgniter.php(340): CodeIgniter\CodeIgniter->handleRequest()
11 SYSTEMPATH/Boot.php(417): CodeIgniter\CodeIgniter->run()
12 SYSTEMPATH/Boot.php(68): CodeIgniter\Boot::runCodeIgniter()
13 FCPATH/index.php(59): CodeIgniter\Boot::bootWeb()
14 SYSTEMPATH/rewrite.php(44): require_once('/home/andrianandrainy/Documents/GitHub/Revision-Mr-Rojo-Code-Ignitier-/public/index.php')
CRITICAL - 2026-06-30 18:50:26 --> CodeIgniter\Exceptions\InvalidArgumentException: "Role" is not a valid database connection group.
[Method: POST, Route: role/create]
in SYSTEMPATH/Database/Config.php on line 70.
 1 SYSTEMPATH/Validation/Rules.php(210): CodeIgniter\Database\Config::connect()
 2 SYSTEMPATH/Validation/Rules.php(165): CodeIgniter\Validation\Rules->prepareUniqueQuery()
 3 SYSTEMPATH/Validation/StrictRules/Rules.php(187): CodeIgniter\Validation\Rules->is_unique()
 4 SYSTEMPATH/Validation/Validation.php(345): CodeIgniter\Validation\StrictRules\Rules->is_unique()
 5 SYSTEMPATH/Validation/Validation.php(210): CodeIgniter\Validation\Validation->processRules()
 6 SYSTEMPATH/BaseModel.php(1615): CodeIgniter\Validation\Validation->run()
 7 APPPATH/Controllers/RoleController.php(15): CodeIgniter\BaseModel->validate()
 8 SYSTEMPATH/CodeIgniter.php(951): App\Controllers\RoleController->create()
 9 SYSTEMPATH/CodeIgniter.php(497): CodeIgniter\CodeIgniter->runController()
10 SYSTEMPATH/CodeIgniter.php(340): CodeIgniter\CodeIgniter->handleRequest()
11 SYSTEMPATH/Boot.php(417): CodeIgniter\CodeIgniter->run()
12 SYSTEMPATH/Boot.php(68): CodeIgniter\Boot::runCodeIgniter()
13 FCPATH/index.php(59): CodeIgniter\Boot::bootWeb()
14 SYSTEMPATH/rewrite.php(44): require_once('/home/andrianandrainy/Documents/GitHub/Revision-Mr-Rojo-Code-Ignitier-/public/index.php')
CRITICAL - 2026-06-30 18:50:27 --> CodeIgniter\Exceptions\InvalidArgumentException: "Role" is not a valid database connection group.
[Method: POST, Route: role/create]
in SYSTEMPATH/Database/Config.php on line 70.
 1 SYSTEMPATH/Validation/Rules.php(210): CodeIgniter\Database\Config::connect()
 2 SYSTEMPATH/Validation/Rules.php(165): CodeIgniter\Validation\Rules->prepareUniqueQuery()
 3 SYSTEMPATH/Validation/StrictRules/Rules.php(187): CodeIgniter\Validation\Rules->is_unique()
 4 SYSTEMPATH/Validation/Validation.php(345): CodeIgniter\Validation\StrictRules\Rules->is_unique()
 5 SYSTEMPATH/Validation/Validation.php(210): CodeIgniter\Validation\Validation->processRules()
 6 SYSTEMPATH/BaseModel.php(1615): CodeIgniter\Validation\Validation->run()
 7 APPPATH/Controllers/RoleController.php(15): CodeIgniter\BaseModel->validate()
 8 SYSTEMPATH/CodeIgniter.php(951): App\Controllers\RoleController->create()
 9 SYSTEMPATH/CodeIgniter.php(497): CodeIgniter\CodeIgniter->runController()
10 SYSTEMPATH/CodeIgniter.php(340): CodeIgniter\CodeIgniter->handleRequest()
11 SYSTEMPATH/Boot.php(417): CodeIgniter\CodeIgniter->run()
12 SYSTEMPATH/Boot.php(68): CodeIgniter\Boot::runCodeIgniter()
13 FCPATH/index.php(59): CodeIgniter\Boot::bootWeb()
14 SYSTEMPATH/rewrite.php(44): require_once('/home/andrianandrainy/Documents/GitHub/Revision-Mr-Rojo-Code-Ignitier-/public/index.php')
CRITICAL - 2026-06-30 18:50:28 --> CodeIgniter\Exceptions\InvalidArgumentException: "Role" is not a valid database connection group.
[Method: POST, Route: role/create]
in SYSTEMPATH/Database/Config.php on line 70.
 1 SYSTEMPATH/Validation/Rules.php(210): CodeIgniter\Database\Config::connect()
 2 SYSTEMPATH/Validation/Rules.php(165): CodeIgniter\Validation\Rules->prepareUniqueQuery()
 3 SYSTEMPATH/Validation/StrictRules/Rules.php(187): CodeIgniter\Validation\Rules->is_unique()
 4 SYSTEMPATH/Validation/Validation.php(345): CodeIgniter\Validation\StrictRules\Rules->is_unique()
 5 SYSTEMPATH/Validation/Validation.php(210): CodeIgniter\Validation\Validation->processRules()
 6 SYSTEMPATH/BaseModel.php(1615): CodeIgniter\Validation\Validation->run()
 7 APPPATH/Controllers/RoleController.php(15): CodeIgniter\BaseModel->validate()
 8 SYSTEMPATH/CodeIgniter.php(951): App\Controllers\RoleController->create()
 9 SYSTEMPATH/CodeIgniter.php(497): CodeIgniter\CodeIgniter->runController()
10 SYSTEMPATH/CodeIgniter.php(340): CodeIgniter\CodeIgniter->handleRequest()
11 SYSTEMPATH/Boot.php(417): CodeIgniter\CodeIgniter->run()
12 SYSTEMPATH/Boot.php(68): CodeIgniter\Boot::runCodeIgniter()
13 FCPATH/index.php(59): CodeIgniter\Boot::bootWeb()
14 SYSTEMPATH/rewrite.php(44): require_once('/home/andrianandrainy/Documents/GitHub/Revision-Mr-Rojo-Code-Ignitier-/public/index.php')
CRITICAL - 2026-06-30 18:50:28 --> CodeIgniter\Exceptions\InvalidArgumentException: "Role" is not a valid database connection group.
[Method: POST, Route: role/create]
in SYSTEMPATH/Database/Config.php on line 70.
 1 SYSTEMPATH/Validation/Rules.php(210): CodeIgniter\Database\Config::connect()
 2 SYSTEMPATH/Validation/Rules.php(165): CodeIgniter\Validation\Rules->prepareUniqueQuery()
 3 SYSTEMPATH/Validation/StrictRules/Rules.php(187): CodeIgniter\Validation\Rules->is_unique()
 4 SYSTEMPATH/Validation/Validation.php(345): CodeIgniter\Validation\StrictRules\Rules->is_unique()
 5 SYSTEMPATH/Validation/Validation.php(210): CodeIgniter\Validation\Validation->processRules()
 6 SYSTEMPATH/BaseModel.php(1615): CodeIgniter\Validation\Validation->run()
 7 APPPATH/Controllers/RoleController.php(15): CodeIgniter\BaseModel->validate()
 8 SYSTEMPATH/CodeIgniter.php(951): App\Controllers\RoleController->create()
 9 SYSTEMPATH/CodeIgniter.php(497): CodeIgniter\CodeIgniter->runController()
10 SYSTEMPATH/CodeIgniter.php(340): CodeIgniter\CodeIgniter->handleRequest()
11 SYSTEMPATH/Boot.php(417): CodeIgniter\CodeIgniter->run()
12 SYSTEMPATH/Boot.php(68): CodeIgniter\Boot::runCodeIgniter()
13 FCPATH/index.php(59): CodeIgniter\Boot::bootWeb()
14 SYSTEMPATH/rewrite.php(44): require_once('/home/andrianandrainy/Documents/GitHub/Revision-Mr-Rojo-Code-Ignitier-/public/index.php')
CRITICAL - 2026-06-30 18:50:29 --> CodeIgniter\Exceptions\InvalidArgumentException: "Role" is not a valid database connection group.
[Method: POST, Route: role/create]
in SYSTEMPATH/Database/Config.php on line 70.
 1 SYSTEMPATH/Validation/Rules.php(210): CodeIgniter\Database\Config::connect()
 2 SYSTEMPATH/Validation/Rules.php(165): CodeIgniter\Validation\Rules->prepareUniqueQuery()
 3 SYSTEMPATH/Validation/StrictRules/Rules.php(187): CodeIgniter\Validation\Rules->is_unique()
 4 SYSTEMPATH/Validation/Validation.php(345): CodeIgniter\Validation\StrictRules\Rules->is_unique()
 5 SYSTEMPATH/Validation/Validation.php(210): CodeIgniter\Validation\Validation->processRules()
 6 SYSTEMPATH/BaseModel.php(1615): CodeIgniter\Validation\Validation->run()
 7 APPPATH/Controllers/RoleController.php(15): CodeIgniter\BaseModel->validate()
 8 SYSTEMPATH/CodeIgniter.php(951): App\Controllers\RoleController->create()
 9 SYSTEMPATH/CodeIgniter.php(497): CodeIgniter\CodeIgniter->runController()
10 SYSTEMPATH/CodeIgniter.php(340): CodeIgniter\CodeIgniter->handleRequest()
11 SYSTEMPATH/Boot.php(417): CodeIgniter\CodeIgniter->run()
12 SYSTEMPATH/Boot.php(68): CodeIgniter\Boot::runCodeIgniter()
13 FCPATH/index.php(59): CodeIgniter\Boot::bootWeb()
14 SYSTEMPATH/rewrite.php(44): require_once('/home/andrianandrainy/Documents/GitHub/Revision-Mr-Rojo-Code-Ignitier-/public/index.php')
CRITICAL - 2026-06-30 18:50:30 --> CodeIgniter\Exceptions\InvalidArgumentException: "Role" is not a valid database connection group.
[Method: POST, Route: role/create]
in SYSTEMPATH/Database/Config.php on line 70.
 1 SYSTEMPATH/Validation/Rules.php(210): CodeIgniter\Database\Config::connect()
 2 SYSTEMPATH/Validation/Rules.php(165): CodeIgniter\Validation\Rules->prepareUniqueQuery()
 3 SYSTEMPATH/Validation/StrictRules/Rules.php(187): CodeIgniter\Validation\Rules->is_unique()
 4 SYSTEMPATH/Validation/Validation.php(345): CodeIgniter\Validation\StrictRules\Rules->is_unique()
 5 SYSTEMPATH/Validation/Validation.php(210): CodeIgniter\Validation\Validation->processRules()
 6 SYSTEMPATH/BaseModel.php(1615): CodeIgniter\Validation\Validation->run()
 7 APPPATH/Controllers/RoleController.php(15): CodeIgniter\BaseModel->validate()
 8 SYSTEMPATH/CodeIgniter.php(951): App\Controllers\RoleController->create()
 9 SYSTEMPATH/CodeIgniter.php(497): CodeIgniter\CodeIgniter->runController()
10 SYSTEMPATH/CodeIgniter.php(340): CodeIgniter\CodeIgniter->handleRequest()
11 SYSTEMPATH/Boot.php(417): CodeIgniter\CodeIgniter->run()
12 SYSTEMPATH/Boot.php(68): CodeIgniter\Boot::runCodeIgniter()
13 FCPATH/index.php(59): CodeIgniter\Boot::bootWeb()
14 SYSTEMPATH/rewrite.php(44): require_once('/home/andrianandrainy/Documents/GitHub/Revision-Mr-Rojo-Code-Ignitier-/public/index.php')
CRITICAL - 2026-06-30 18:50:30 --> CodeIgniter\Exceptions\InvalidArgumentException: "Role" is not a valid database connection group.
[Method: POST, Route: role/create]
in SYSTEMPATH/Database/Config.php on line 70.
 1 SYSTEMPATH/Validation/Rules.php(210): CodeIgniter\Database\Config::connect()
 2 SYSTEMPATH/Validation/Rules.php(165): CodeIgniter\Validation\Rules->prepareUniqueQuery()
 3 SYSTEMPATH/Validation/StrictRules/Rules.php(187): CodeIgniter\Validation\Rules->is_unique()
 4 SYSTEMPATH/Validation/Validation.php(345): CodeIgniter\Validation\StrictRules\Rules->is_unique()
 5 SYSTEMPATH/Validation/Validation.php(210): CodeIgniter\Validation\Validation->processRules()
 6 SYSTEMPATH/BaseModel.php(1615): CodeIgniter\Validation\Validation->run()
 7 APPPATH/Controllers/RoleController.php(15): CodeIgniter\BaseModel->validate()
 8 SYSTEMPATH/CodeIgniter.php(951): App\Controllers\RoleController->create()
 9 SYSTEMPATH/CodeIgniter.php(497): CodeIgniter\CodeIgniter->runController()
10 SYSTEMPATH/CodeIgniter.php(340): CodeIgniter\CodeIgniter->handleRequest()
11 SYSTEMPATH/Boot.php(417): CodeIgniter\CodeIgniter->run()
12 SYSTEMPATH/Boot.php(68): CodeIgniter\Boot::runCodeIgniter()
13 FCPATH/index.php(59): CodeIgniter\Boot::bootWeb()
14 SYSTEMPATH/rewrite.php(44): require_once('/home/andrianandrainy/Documents/GitHub/Revision-Mr-Rojo-Code-Ignitier-/public/index.php')
CRITICAL - 2026-06-30 18:50:31 --> CodeIgniter\Exceptions\InvalidArgumentException: "Role" is not a valid database connection group.
[Method: POST, Route: role/create]
in SYSTEMPATH/Database/Config.php on line 70.
 1 SYSTEMPATH/Validation/Rules.php(210): CodeIgniter\Database\Config::connect()
 2 SYSTEMPATH/Validation/Rules.php(165): CodeIgniter\Validation\Rules->prepareUniqueQuery()
 3 SYSTEMPATH/Validation/StrictRules/Rules.php(187): CodeIgniter\Validation\Rules->is_unique()
 4 SYSTEMPATH/Validation/Validation.php(345): CodeIgniter\Validation\StrictRules\Rules->is_unique()
 5 SYSTEMPATH/Validation/Validation.php(210): CodeIgniter\Validation\Validation->processRules()
 6 SYSTEMPATH/BaseModel.php(1615): CodeIgniter\Validation\Validation->run()
 7 APPPATH/Controllers/RoleController.php(15): CodeIgniter\BaseModel->validate()
 8 SYSTEMPATH/CodeIgniter.php(951): App\Controllers\RoleController->create()
 9 SYSTEMPATH/CodeIgniter.php(497): CodeIgniter\CodeIgniter->runController()
10 SYSTEMPATH/CodeIgniter.php(340): CodeIgniter\CodeIgniter->handleRequest()
11 SYSTEMPATH/Boot.php(417): CodeIgniter\CodeIgniter->run()
12 SYSTEMPATH/Boot.php(68): CodeIgniter\Boot::runCodeIgniter()
13 FCPATH/index.php(59): CodeIgniter\Boot::bootWeb()
14 SYSTEMPATH/rewrite.php(44): require_once('/home/andrianandrainy/Documents/GitHub/Revision-Mr-Rojo-Code-Ignitier-/public/index.php')
